gatwway/9-12-2016_Android/TestKit/build/outputs/logs/manifest-merger-debug-report.txt
-- Merging decision tree log ---
manifest
ADDED from 9-12-2016_Android/TestKit/AndroidManifest.xml:2:1-55:12
	package
		ADDED from 9-12-2016_Android/TestKit/AndroidManifest.xml:3:11-44
	android:versionName
		ADDED from 9-12-2016_Android/TestKit/AndroidManifest.xml:5:11-36
		INJECTED from 9-12-2016_Android/TestKit/AndroidManifest.xml
		INJECTED from 9-12-2016_Android/TestKit/AndroidManifest.xml
	android:versionCode
		ADDED from 9-12-2016_Android/TestKit/AndroidManifest.xml:4:11-34
		INJECTED from 9-12-2016_Android/TestKit/AndroidManifest.xml
		INJECTED from 9-12-2016_Android/TestKit/AndroidManifest.xml
	xmlns:android
		ADDED from 9-12-2016_Android/TestKit/AndroidManifest.xml:2:11-69
uses-sdk
ADDED from 9-12-2016_Android/TestKit/AndroidManifest.xml:7:5-9:40
MERGED from [TestKit:EBS:unspecified] AndroidManifest.xml:7:5-9:41
	android:targetSdkVersion
		ADDED from 9-12-2016_Android/TestKit/AndroidManifest.xml:9:9-38
	android:minSdkVersion
		ADDED from 9-12-2016_Android/TestKit/AndroidManifest.xml:8:9-35
uses-permission#android.permission.INTERNET
ADDED from 9-12-2016_Android/TestKit/AndroidManifest.xml:11:5-66
MERGED from [TestKit:EBS:unspecified] AndroidManifest.xml:11:5-67
	android:name
		ADDED from 9-12-2016_Android/TestKit/AndroidManifest.xml:11:22-64
uses-permission#android.permission.ACCESS_NETWORK_STATE
ADDED from 9-12-2016_Android/TestKit/AndroidManifest.xml:12:5-78
MERGED from [TestKit:EBS:unspecified] AndroidManifest.xml:12:5-79
	android:name
		ADDED from 9-12-2016_Android/TestKit/AndroidManifest.xml:12:22-76
android:uses-permission#android.permission.WRITE_EXTERNAL_STORAGE
ADDED from 9-12-2016_Android/TestKit/AndroidManifest.xml:14:5-88
MERGED from [TestKit:EBS:unspecified] AndroidManifest.xml:13:5-81
	android:name
		ADDED from 9-12-2016_Android/TestKit/AndroidManifest.xml:14:30-86
android:uses-permission#android.permission.READ_PHONE_STATE
ADDED from 9-12-2016_Android/TestKit/AndroidManifest.xml:15:5-82
MERGED from [TestKit:EBS:unspecified] AndroidManifest.xml:14:5-75
	android:name
		ADDED from 9-12-2016_Android/TestKit/AndroidManifest.xml:15:30-80
android:uses-permission#android.permission.READ_EXTERNAL_STORAGE
ADDED from 9-12-2016_Android/TestKit/AndroidManifest.xml:16:5-87
MERGED from [TestKit:EBS:unspecified] AndroidManifest.xml:15:5-80
	android:name
		ADDED from 9-12-2016_Android/TestKit/AndroidManifest.xml:16:30-85
application
ADDED from 9-12-2016_Android/TestKit/AndroidManifest.xml:18:5-53:19
MERGED from [TestKit:EBS:unspecified] AndroidManifest.xml:17:5-52:19
	android:extractNativeLibs
		ADDED from 9-12-2016_Android/TestKit/AndroidManifest.xml:20:9-42
	android:label
		ADDED from 9-12-2016_Android/TestKit/AndroidManifest.xml:22:9-41
	android:allowBackup
		ADDED from 9-12-2016_Android/TestKit/AndroidManifest.xml:19:9-35
	android:icon
		ADDED from 9-12-2016_Android/TestKit/AndroidManifest.xml:21:9-45
	android:theme
		ADDED from 9-12-2016_Android/TestKit/AndroidManifest.xml:23:9-40
activity#com.merchantapp.testkit.BuyProduct
ADDED from 9-12-2016_Android/TestKit/AndroidManifest.xml:24:9-33:20
	android:screenOrientation
		ADDED from 9-12-2016_Android/TestKit/AndroidManifest.xml:27:13-49
	android:label
		ADDED from 9-12-2016_Android/TestKit/AndroidManifest.xml:26:13-45
	android:name
		ADDED from 9-12-2016_Android/TestKit/AndroidManifest.xml:25:13-39
intent-filter#android.intent.action.MAIN+android.intent.category.LAUNCHER
ADDED from 9-12-2016_Android/TestKit/AndroidManifest.xml:28:13-32:29
action#android.intent.action.MAIN
ADDED from 9-12-2016_Android/TestKit/AndroidManifest.xml:29:17-68
	android:name
		ADDED from 9-12-2016_Android/TestKit/AndroidManifest.xml:29:25-66
category#android.intent.category.LAUNCHER
ADDED from 9-12-2016_Android/TestKit/AndroidManifest.xml:31:17-76
	android:name
		ADDED from 9-12-2016_Android/TestKit/AndroidManifest.xml:31:27-74
activity#com.merchantapp.testkit.TEstActivity
ADDED from 9-12-2016_Android/TestKit/AndroidManifest.xml:36:9-50:20
	android:screenOrientation
		ADDED from 9-12-2016_Android/TestKit/AndroidManifest.xml:39:13-49
	android:label
		ADDED from 9-12-2016_Android/TestKit/AndroidManifest.xml:38:13-67
	android:name
		ADDED from 9-12-2016_Android/TestKit/AndroidManifest.xml:37:13-41
intent-filter#android.intent.action.VIEW+android.intent.category.BROWSABLE+android.intent.category.DEFAULT
ADDED from 9-12-2016_Android/TestKit/AndroidManifest.xml:40:13-49:29
data
ADDED from 9-12-2016_Android/TestKit/AndroidManifest.xml:41:17-43:63
	android:host
		ADDED from 9-12-2016_Android/TestKit/AndroidManifest.xml:42:21-52
	android:scheme
		ADDED from 9-12-2016_Android/TestKit/AndroidManifest.xml:43:21-61
action#android.intent.action.VIEW
ADDED from 9-12-2016_Android/TestKit/AndroidManifest.xml:45:17-68
	android:name
		ADDED from 9-12-2016_Android/TestKit/AndroidManifest.xml:45:25-66
category#android.intent.category.DEFAULT
ADDED from 9-12-2016_Android/TestKit/AndroidManifest.xml:47:17-75
	android:name
		ADDED from 9-12-2016_Android/TestKit/AndroidManifest.xml:47:27-73
category#android.intent.category.BROWSABLE
ADDED from 9-12-2016_Android/TestKit/AndroidManifest.xml:48:17-77
	android:name
		ADDED from 9-12-2016_Android/TestKit/AndroidManifest.xml:48:27-75
activity#com.ebs.android.sdk.PaymentDetailActivity
ADDED from [TestKit:EBS:unspecified] AndroidManifest.xml:21:9-25:20
	android:screenOrientation
		ADDED from [TestKit:EBS:unspecified] AndroidManifest.xml:24:13-49
	android:label
		ADDED from [TestKit:EBS:unspecified] AndroidManifest.xml:23:13-66
	android:name
		ADDED from [TestKit:EBS:unspecified] AndroidManifest.xml:22:13-69
activity#com.ebs.android.sdk.PaymentActivity
ADDED from [TestKit:EBS:unspecified] AndroidManifest.xml:26:9-31:20
	android:screenOrientation
		ADDED from [TestKit:EBS:unspecified] AndroidManifest.xml:29:13-49
	android:label
		ADDED from [TestKit:EBS:unspecified] AndroidManifest.xml:28:13-59
	android:windowSoftInputMode
		ADDED from [TestKit:EBS:unspecified] AndroidManifest.xml:30:13-52
	android:name
		ADDED from [TestKit:EBS:unspecified] AndroidManifest.xml:27:13-63
activity#com.ebs.android.sdk.WebViewActivity
ADDED from [TestKit:EBS:unspecified] AndroidManifest.xml:32:9-38:20
	android:screenOrientation
		ADDED from [TestKit:EBS:unspecified] AndroidManifest.xml:36:13-49
	android:label
		ADDED from [TestKit:EBS:unspecified] AndroidManifest.xml:35:13-59
	android:windowSoftInputMode
		ADDED from [TestKit:EBS:unspecified] AndroidManifest.xml:37:13-86
	android:configChanges
		ADDED from [TestKit:EBS:unspecified] AndroidManifest.xml:34:13-63
	android:name
		ADDED from [TestKit:EBS:unspecified] AndroidManifest.xml:33:13-63
activity#com.ebs.android.sdk.EBSHomeConfigurableActivity
ADDED from [TestKit:EBS:unspecified] AndroidManifest.xml:39:9-43:20
	android:screenOrientation
		ADDED from [TestKit:EBS:unspecified] AndroidManifest.xml:42:13-49
	android:label
		ADDED from [TestKit:EBS:unspecified] AndroidManifest.xml:41:13-77
	android:name
		ADDED from [TestKit:EBS:unspecified] AndroidManifest.xml:40:13-75
activity#com.ebs.android.sdk.PaymentFailureActivity
ADDED from [TestKit:EBS:unspecified] AndroidManifest.xml:44:9-47:20
	android:label
		ADDED from [TestKit:EBS:unspecified] AndroidManifest.xml:46:13-67
	android:name
		ADDED from [TestKit:EBS:unspecified] AndroidManifest.xml:45:13-70
activity#com.ebs.android.sdk.IdleTimeOut
ADDED from [TestKit:EBS:unspecified] AndroidManifest.xml:48:9-51:20
	android:label
		ADDED from [TestKit:EBS:unspecified] AndroidManifest.xml:50:13-65
	android:name
		ADDED from [TestKit:EBS:unspecified] AndroidManifest.xml:49:13-59